7a6f3052-f48d-40c4-b28e-e5cd94320950 [Sat, 18 Jan 2020 16:33:31 GMT] "GET /docs/user/v1/" 304 8.421
dcba17a3-a6f3-4354-85a7-c4b681fd3d10 [Sat, 18 Jan 2020 16:33:31 GMT] "GET /docs/user/v1/swagger-ui.css" 304 6.469
d50e4b83-6d93-4acf-baea-f3160fcdbb91 [Sat, 18 Jan 2020 16:33:31 GMT] "GET /docs/user/v1/swagger-ui-init.js" 304 2.925
2a98f91c-2b3e-41c7-b8c4-d4db80b51ceb [Sat, 18 Jan 2020 16:33:31 GMT] "GET /docs/user/v1/swagger-ui-bundle.js" 304 5.903
7b36cbbf-5404-4d58-a25b-6e79545a2b38 [Sat, 18 Jan 2020 16:33:31 GMT] "GET /docs/user/v1/swagger-ui-standalone-preset.js" 304 4.547
ebc115cd-f1a9-4297-be5c-6e89093b2318 [Sat, 18 Jan 2020 16:33:43 GMT] "GET /docs/user/v1/" 304 2.166
a3982d0a-d1ed-4055-8b25-677755273b8c [Sat, 18 Jan 2020 16:33:43 GMT] "GET /docs/user/v1/swagger-ui.css" 304 4.051
95564c8f-4561-4ec8-92dd-04c59c1cd14b [Sat, 18 Jan 2020 16:33:43 GMT] "GET /docs/user/v1/swagger-ui-bundle.js" 304 4.114
f08b6129-705e-458b-b79c-7e71a9768b18 [Sat, 18 Jan 2020 16:33:43 GMT] "GET /docs/user/v1/swagger-ui-standalone-preset.js" 304 4.586
1099a7d9-d595-484a-8026-d4174bc450cd [Sat, 18 Jan 2020 16:33:43 GMT] "GET /docs/user/v1/swagger-ui-init.js" 304 3.524
3c2e6116-926b-4abf-952b-b5031ce832e3 [Sat, 18 Jan 2020 16:55:04 GMT] "OPTIONS /user/api/v1/song/upload" 204 1.985
65564264-39ea-421b-9703-6b626fff4671 [Sat, 18 Jan 2020 16:56:02 GMT] "POST /user/api/v1/song/upload" 200 57096.855
2f7081d0-074b-4c1b-a9fa-9706a10c3992 [Sat, 18 Jan 2020 16:57:49 GMT] "OPTIONS /user/api/v1/song/update/15" 204 0.436
285863fb-4a25-4c0c-b55f-bf75af5a9ab6 [Sat, 18 Jan 2020 16:58:19 GMT] "OPTIONS /user/api/v1/song/update/15" 204 0.107
719e1b21-d240-4801-87b2-c43833aa622f [Sat, 18 Jan 2020 16:58:57 GMT] "OPTIONS /user/api/v1/song/update/15" 204 1.575
16e63f5c-0a62-467f-9ea1-961ab3072a1b [Sat, 18 Jan 2020 17:01:11 GMT] "OPTIONS /user/api/v1/song/update/15" 204 1.554
5f2f5e63-872c-4478-957f-0a0442622ddf [Sat, 18 Jan 2020 17:01:58 GMT] "OPTIONS /user/api/v1/song/update/15" 204 2.435
00940537-6709-4355-9a27-484693f92f2a [Sat, 18 Jan 2020 17:05:20 GMT] "OPTIONS /user/api/v1/song/update/15" 204 2.173
b52b0fe9-4a98-41b9-b8eb-eefdca30c2d5 [Sat, 18 Jan 2020 17:05:23 GMT] "POST /user/api/v1/song/update/15" 200 3113.002
46cb09f9-7169-4492-925f-907e6b7a10df [Sat, 18 Jan 2020 17:23:06 GMT] "POST /user/api/v1/login" 200 130.033
0079714b-f789-42e3-87c6-5586f5575ea1 [Sat, 18 Jan 2020 17:26:32 GMT] "POST /user/api/v1/profile" 200 2.274
5e42594a-7461-4bc0-bdd5-81680cbd0612 [Sat, 18 Jan 2020 17:30:19 GMT] "POST /user/api/v1/test" 200 16.128
cc345eca-64ba-4e72-a4a1-a1550a4430ac [Sat, 18 Jan 2020 17:34:52 GMT] "GET /aa" 200 1.386
883a277f-9cd5-4e87-a846-8d1cfb110549 [Sat, 18 Jan 2020 17:35:06 GMT] "GET /aa" 200 11.355
6ad18549-2bef-4946-adfe-db20736424bb [Sat, 18 Jan 2020 17:35:39 GMT] "GET /aa" 200 1.888
231b17ed-9064-4b40-ae10-1120a8f375d7 [Sat, 18 Jan 2020 17:36:36 GMT] "GET /aa" 200 6.552
5bae219d-cc11-4083-ab10-2820f30e9524 [Sat, 18 Jan 2020 17:36:46 GMT] "POST /aa" 200 1.274
2703c1a2-9d21-433e-a531-defc3f4eaf71 [Sat, 18 Jan 2020 17:37:23 GMT] "POST /user/api/v1/" 200 1.735
e3f02b60-266d-4c3b-841d-f6b08ba3fa20 [Sat, 18 Jan 2020 17:37:27 GMT] "GET /user/api/v1/" 200 3.990
2e9e1dbd-a899-4453-9695-c4e332dff6db [Sat, 18 Jan 2020 17:46:13 GMT] "GET /user/api/v1/discover" - -
aab38593-6ac1-40f8-a817-5b93bfd6fc63 [Sat, 18 Jan 2020 17:49:44 GMT] "GET /user/api/v1/discover" - -
9430b5c8-6f66-42dd-b8c1-83db4ff7a61c [Sat, 18 Jan 2020 17:55:44 GMT] "GET /user/api/v1/discover" 200 444.251
1a5ac7fb-6080-4da6-b700-a36986158615 [Sat, 18 Jan 2020 17:56:35 GMT] "GET /user/api/v1/discover" 200 265.228
4083a165-7475-44d7-b469-c64a0972b4e5 [Sat, 18 Jan 2020 17:57:59 GMT] "GET /user/api/v1/discover" 200 349.964
734f2169-eef3-4234-9d48-82482c4a61d2 [Sat, 18 Jan 2020 18:24:46 GMT] "GET /user/api/v1/get/home-page-collection" 200 750.469
8cbd479a-c0dc-4e8f-9f71-16225d0a6ca7 [Sat, 18 Jan 2020 19:31:44 GMT] "OPTIONS /user/api/v1/logout" 204 2.464
209e6652-c107-4cca-8559-409ffd1f8656 [Sat, 18 Jan 2020 19:31:44 GMT] "POST /user/api/v1/logout" 202 9.541
b22fa4d0-080b-434c-a25b-ce9bc979d477 [Sat, 18 Jan 2020 19:53:46 GMT] "OPTIONS /user/api/v1/login" 204 2.023
d5fb40ff-9676-4a17-968b-2a8f45fbd382 [Sat, 18 Jan 2020 19:53:46 GMT] "POST /user/api/v1/login" 200 135.159
401c28fd-5c2e-451b-ac3b-fc7dcaeb42ca [Sat, 18 Jan 2020 19:54:09 GMT] "OPTIONS /user/api/v1/song/upload" 204 0.136
7f37e356-ecdf-4db4-b847-064ee2406058 [Sat, 18 Jan 2020 19:55:42 GMT] "POST /user/api/v1/song/upload" 200 92041.252
