aff5cb60-9e8c-441d-aefd-f222fde04dd3 [Sat, 18 Jan 2020 23:48:01 GMT] "OPTIONS /user/api/v1/song/upload" 204 3.959
347e6f47-5c35-42fd-8a4f-d3f1c6adb049 [Sat, 18 Jan 2020 23:48:42 GMT] "OPTIONS /user/api/v1/song/upload" 204 2.028
43976487-b077-45a6-8175-b75c1cf4ea0d [Sat, 18 Jan 2020 23:49:32 GMT] "OPTIONS /user/api/v1/song/upload" 204 1.298
328f238f-aea7-41b4-b1e9-7b125323ac76 [Sat, 18 Jan 2020 23:50:19 GMT] "OPTIONS /user/api/v1/song/upload" 204 1.702
2bc1eaa3-157d-4991-992f-9788ae956b1f [Sat, 18 Jan 2020 23:50:53 GMT] "OPTIONS /user/api/v1/song/upload" 204 1.364
bf6cc931-8211-41b9-a61a-4167907bf791 [Sat, 18 Jan 2020 23:51:31 GMT] "OPTIONS /user/api/v1/song/upload" 204 1.482
2c8eaa6e-daee-417b-a9b3-0304bbae8afc [Sat, 18 Jan 2020 23:59:52 GMT] "OPTIONS /user/api/v1/song/upload" 204 2.530
c56a704e-ffd7-490f-a8c4-a0c836711c21 [Sun, 19 Jan 2020 00:32:25 GMT] "OPTIONS /user/api/v1/song/upload" 204 1.274
258196cd-1625-4fef-8499-6f5de0fa4ade [Sun, 19 Jan 2020 00:33:23 GMT] "OPTIONS /user/api/v1/song/upload" 204 1.297
39614df3-6b7f-4a1c-ab15-086423e898bf [Sun, 19 Jan 2020 00:34:21 GMT] "OPTIONS /user/api/v1/song/upload" 204 1.738
97e264f4-c7df-4a08-b9b3-6ee02331e641 [Sun, 19 Jan 2020 00:34:48 GMT] "OPTIONS /user/api/v1/song/upload" 204 1.630
2a991d2f-c550-415a-aec1-730fd6926768 [Sun, 19 Jan 2020 00:35:14 GMT] "OPTIONS /user/api/v1/song/upload" 204 1.410
cca03b95-6441-44dc-85b8-6bf9bf1a82b5 [Sun, 19 Jan 2020 00:36:04 GMT] "OPTIONS /user/api/v1/song/upload" 204 1.611
3a8a423d-3fa3-4b89-8fa7-0e0130cf5b03 [Sun, 19 Jan 2020 00:36:53 GMT] "OPTIONS /user/api/v1/song/upload" 204 2.007
77ada105-13e1-42dd-bbe0-67688dde4ec9 [Sun, 19 Jan 2020 00:38:39 GMT] "OPTIONS /user/api/v1/song/upload" 204 2.847
a0aeef3c-036c-4e7a-8f96-e2a7d006c0a8 [Sun, 19 Jan 2020 00:39:07 GMT] "OPTIONS /user/api/v1/song/upload" 204 1.695
55d1cbc6-ec9d-4e51-96ec-e1169a934307 [Sun, 19 Jan 2020 00:39:19 GMT] "POST /user/api/v1/song/upload" - -
b4c1181e-44b2-4cf4-944c-8ae6ad633f14 [Sun, 19 Jan 2020 00:39:27 GMT] "OPTIONS /user/api/v1/song/upload" 204 0.250
c7fc2062-c03c-4667-a5ac-89b41762c47e [Sun, 19 Jan 2020 00:39:33 GMT] "OPTIONS /user/api/v1/logout" 204 0.231
aa9e3688-a6eb-424b-b15d-0ff6eabfffea [Sun, 19 Jan 2020 00:39:34 GMT] "POST /user/api/v1/logout" 202 23.039
d138569d-ffaa-4783-8ecb-7f77be7148a3 [Sun, 19 Jan 2020 00:39:48 GMT] "OPTIONS /user/api/v1/login" 204 0.230
f8c3744e-e75e-4ce8-b4d1-111fd2a049cf [Sun, 19 Jan 2020 00:39:48 GMT] "POST /user/api/v1/login" 200 131.290
4a45dc79-a8ab-47e3-b287-4cef552ecf72 [Sun, 19 Jan 2020 00:39:50 GMT] "POST /user/api/v1/song/upload" - -
da5d4c29-5a56-4fa4-b0a7-a7d8c823a5fe [Sun, 19 Jan 2020 00:40:13 GMT] "OPTIONS /user/api/v1/song/upload" 204 0.129
1c8461af-5323-49db-9300-e5601d073542 [Sun, 19 Jan 2020 00:40:46 GMT] "OPTIONS /user/api/v1/song/upload" 204 1.382
778457cd-069f-44f2-9f97-e9b222b8c26e [Sun, 19 Jan 2020 00:41:48 GMT] "OPTIONS /user/api/v1/song/upload" 204 2.123
7123b3a8-4684-4cab-aa40-cd19f5b14b73 [Sun, 19 Jan 2020 00:42:08 GMT] "OPTIONS /user/api/v1/song/upload" 204 1.382
2dc704b2-a860-42a1-86d6-47357a8b242a [Sun, 19 Jan 2020 00:42:33 GMT] "OPTIONS /user/api/v1/song/upload" 204 1.414
2631c0f0-6b6e-49e1-bbe2-983ba20e9100 [Sun, 19 Jan 2020 00:44:33 GMT] "OPTIONS /user/api/v1/song/upload" 204 1.912
0f3956fd-daba-48e7-823e-c265b3b66ec9 [Sun, 19 Jan 2020 00:45:12 GMT] "OPTIONS /user/api/v1/song/upload" 204 3.963
23a7a2ed-99c3-4526-b04d-7cd4a83546a9 [Sun, 19 Jan 2020 00:47:11 GMT] "OPTIONS /user/api/v1/song/upload" 204 2.010
505d0587-2f8f-40c5-b4a6-694d7272e4d0 [Sun, 19 Jan 2020 00:48:02 GMT] "POST /user/api/v1/song/upload" 200 51207.501
